2023-12-04 17:50:31,829 - INFO - Game started.
2023-12-04 17:50:34,865 - INFO - player X is bot
2023-12-04 17:50:35,830 - INFO - player O is bot
2023-12-04 17:50:35,830 - INFO - Player X placed X at (1, 3).
2023-12-04 17:50:35,830 - INFO - Player O placed O at (3, 1).
2023-12-04 17:50:35,830 - INFO - Player X placed X at (2, 1).
2023-12-04 17:50:35,830 - INFO - Player O placed O at (2, 3).
2023-12-04 17:50:35,846 - INFO - Player X placed X at (1, 2).
2023-12-04 17:50:35,846 - INFO - Player O placed O at (3, 3).
2023-12-04 17:50:35,846 - INFO - Player X placed X at (1, 1).
2023-12-04 17:50:35,846 - INFO - Player X wins the game.
2023-12-04 17:50:35,846 - INFO - Game ended.
2023-12-04 17:50:43,735 - INFO - Game started.
2023-12-04 17:50:45,234 - INFO - player X is bot
2023-12-04 17:50:46,131 - INFO - player O is bot
2023-12-04 17:50:46,133 - INFO - Player X placed X at (3, 2).
2023-12-04 17:50:46,133 - INFO - Player O placed O at (2, 3).
2023-12-04 17:50:46,133 - INFO - Player X placed X at (2, 1).
2023-12-04 17:50:46,133 - INFO - Player O placed O at (3, 1).
2023-12-04 17:50:46,133 - INFO - Player X placed X at (1, 1).
2023-12-04 17:50:46,133 - INFO - Player O placed O at (2, 2).
2023-12-04 17:50:46,133 - INFO - Player X placed X at (3, 3).
2023-12-04 17:50:46,133 - INFO - Player O placed O at (1, 2).
2023-12-04 17:50:46,133 - INFO - Player X placed X at (1, 3).
2023-12-04 17:50:46,137 - INFO - The game ended in a draw.
2023-12-04 17:50:46,138 - INFO - Game ended.
2023-12-04 17:51:10,375 - INFO - Game started.
2023-12-04 17:52:02,531 - INFO - player X is bot
2023-12-04 17:52:03,870 - INFO - player O is bot
2023-12-04 17:52:03,870 - INFO - Player X placed X at (1, 1).
2023-12-04 17:52:03,870 - INFO - Player O placed O at (1, 2).
2023-12-04 17:52:03,870 - INFO - Player X placed X at (2, 2).
2023-12-04 17:52:03,870 - INFO - Player O placed O at (2, 3).
2023-12-04 17:52:03,870 - INFO - Player X placed X at (1, 3).
2023-12-04 17:52:03,870 - INFO - Player O placed O at (3, 2).
2023-12-04 17:52:03,870 - INFO - Player X placed X at (3, 1).
2023-12-04 17:52:03,870 - INFO - Player X wins the game.
2023-12-04 17:52:03,886 - INFO - Game ended.
2023-12-04 17:52:06,576 - INFO - Game started.
2023-12-04 17:52:08,000 - INFO - player X is bot
2023-12-04 17:52:08,876 - INFO - player O is bot
2023-12-04 17:52:08,891 - INFO - Player X placed X at (3, 3).
2023-12-04 17:52:08,891 - INFO - Player O placed O at (2, 2).
2023-12-04 17:52:08,891 - INFO - Player X placed X at (3, 2).
2023-12-04 17:52:08,893 - INFO - Player O placed O at (1, 2).
2023-12-04 17:52:08,893 - INFO - Player X placed X at (1, 1).
2023-12-04 17:52:08,893 - INFO - Player O placed O at (2, 1).
2023-12-04 17:52:08,893 - INFO - Player X placed X at (1, 3).
2023-12-04 17:52:08,893 - INFO - Player O placed O at (2, 3).
2023-12-04 17:52:08,895 - INFO - Player O wins the game.
2023-12-04 17:52:08,896 - INFO - Game ended.
2023-12-04 17:52:14,440 - INFO - Game started.
2023-12-04 17:52:15,643 - INFO - player X is bot
2023-12-04 17:52:16,659 - INFO - player O is bot
2023-12-04 17:52:16,664 - INFO - Player X placed X at (3, 3).
2023-12-04 17:52:16,665 - INFO - Player O placed O at (1, 1).
2023-12-04 17:52:16,665 - INFO - Player X placed X at (3, 1).
2023-12-04 17:52:16,666 - INFO - Player O placed O at (1, 2).
2023-12-04 17:52:16,666 - INFO - Player X placed X at (3, 2).
2023-12-04 17:52:16,666 - INFO - Player X wins the game.
2023-12-04 17:52:16,668 - INFO - Game ended.
2023-12-04 17:52:18,199 - INFO - Game started.
2023-12-04 17:52:19,305 - INFO - player X is bot
2023-12-04 17:52:20,254 - INFO - player O is bot
2023-12-04 17:52:20,256 - INFO - Player X placed X at (2, 2).
2023-12-04 17:52:20,256 - INFO - Player O placed O at (2, 3).
2023-12-04 17:52:20,256 - INFO - Player X placed X at (3, 2).
2023-12-04 17:52:20,256 - INFO - Player O placed O at (1, 2).
2023-12-04 17:52:20,259 - INFO - Player X placed X at (3, 1).
2023-12-04 17:52:20,259 - INFO - Player O placed O at (3, 3).
2023-12-04 17:52:20,260 - INFO - Player X placed X at (1, 1).
2023-12-04 17:52:20,260 - INFO - Player O placed O at (1, 3).
2023-12-04 17:52:20,261 - INFO - Player O wins the game.
2023-12-04 17:52:20,262 - INFO - Game ended.
2023-12-04 17:52:23,102 - INFO - Game started.
2023-12-04 17:52:24,685 - INFO - player X is bot
2023-12-04 17:52:25,698 - INFO - player O is bot
2023-12-04 17:52:25,700 - INFO - Player X placed X at (2, 2).
2023-12-04 17:52:25,700 - INFO - Player O placed O at (2, 3).
2023-12-04 17:52:25,700 - INFO - Player X placed X at (3, 3).
2023-12-04 17:52:25,700 - INFO - Player O placed O at (3, 2).
2023-12-04 17:52:25,700 - INFO - Player X placed X at (1, 2).
2023-12-04 17:52:25,700 - INFO - Player O placed O at (1, 3).
2023-12-04 17:52:25,703 - INFO - Player X placed X at (1, 1).
2023-12-04 17:52:25,704 - INFO - Player X wins the game.
2023-12-04 17:52:25,705 - INFO - Game ended.
2023-12-04 17:52:28,633 - INFO - Game started.
2023-12-04 17:52:29,807 - INFO - player X is bot
2023-12-04 17:52:30,853 - INFO - player O is bot
2023-12-04 17:52:30,853 - INFO - Player X placed X at (3, 3).
2023-12-04 17:52:30,853 - INFO - Player O placed O at (2, 2).
2023-12-04 17:52:30,856 - INFO - Player X placed X at (2, 3).
2023-12-04 17:52:30,856 - INFO - Player O placed O at (2, 1).
2023-12-04 17:52:30,856 - INFO - Player X placed X at (3, 1).
2023-12-04 17:52:30,856 - INFO - Player O placed O at (3, 2).
2023-12-04 17:52:30,858 - INFO - Player X placed X at (1, 3).
2023-12-04 17:52:30,859 - INFO - Player X wins the game.
2023-12-04 17:52:30,860 - INFO - Game ended.
2023-12-04 17:52:33,427 - INFO - Game started.
2023-12-04 17:52:34,457 - INFO - player X is bot
2023-12-04 17:52:35,425 - INFO - player O is bot
2023-12-04 17:52:35,426 - INFO - Player X placed X at (2, 3).
2023-12-04 17:52:35,426 - INFO - Player O placed O at (1, 3).
2023-12-04 17:52:35,427 - INFO - Player X placed X at (2, 2).
2023-12-04 17:52:35,427 - INFO - Player O placed O at (3, 3).
2023-12-04 17:52:35,427 - INFO - Player X placed X at (1, 2).
2023-12-04 17:52:35,429 - INFO - Player O placed O at (1, 1).
2023-12-04 17:52:35,429 - INFO - Player X placed X at (3, 1).
2023-12-04 17:52:35,430 - INFO - Player O placed O at (2, 1).
2023-12-04 17:52:35,430 - INFO - Player X placed X at (3, 2).
2023-12-04 17:52:35,430 - INFO - Player X wins the game.
2023-12-04 17:52:35,432 - INFO - Game ended.
2023-12-04 17:52:36,983 - INFO - Game started.
2023-12-04 17:52:37,997 - INFO - player X is bot
2023-12-04 17:52:38,910 - INFO - player O is bot
2023-12-04 17:52:38,912 - INFO - Player X placed X at (3, 1).
2023-12-04 17:52:38,912 - INFO - Player O placed O at (2, 2).
2023-12-04 17:52:38,913 - INFO - Player X placed X at (3, 2).
2023-12-04 17:52:38,913 - INFO - Player O placed O at (3, 3).
2023-12-04 17:52:38,913 - INFO - Player X placed X at (2, 1).
2023-12-04 17:52:38,913 - INFO - Player O placed O at (1, 1).
2023-12-04 17:52:38,913 - INFO - Player O wins the game.
2023-12-04 17:52:38,916 - INFO - Game ended.
2023-12-04 17:52:41,285 - INFO - Game started.
2023-12-04 17:52:42,153 - INFO - player X is bot
2023-12-04 17:52:42,891 - INFO - player O is bot
2023-12-04 17:52:42,893 - INFO - Player X placed X at (3, 1).
2023-12-04 17:52:42,893 - INFO - Player O placed O at (3, 2).
2023-12-04 17:52:42,893 - INFO - Player X placed X at (2, 1).
2023-12-04 17:52:42,895 - INFO - Player O placed O at (3, 3).
2023-12-04 17:52:42,895 - INFO - Player X placed X at (2, 2).
2023-12-04 17:52:42,896 - INFO - Player O placed O at (1, 3).
2023-12-04 17:52:42,896 - INFO - Player X placed X at (2, 3).
2023-12-04 17:52:42,896 - INFO - Player X wins the game.
2023-12-04 17:52:42,898 - INFO - Game ended.
2023-12-04 17:52:44,185 - INFO - Game started.
2023-12-04 17:52:45,362 - INFO - player X is bot
2023-12-04 17:52:46,171 - INFO - player O is bot
2023-12-04 17:52:46,174 - INFO - Player X placed X at (3, 1).
2023-12-04 17:52:46,174 - INFO - Player O placed O at (1, 3).
2023-12-04 17:52:46,174 - INFO - Player X placed X at (3, 2).
2023-12-04 17:52:46,174 - INFO - Player O placed O at (3, 3).
2023-12-04 17:52:46,176 - INFO - Player X placed X at (2, 1).
2023-12-04 17:52:46,176 - INFO - Player O placed O at (2, 3).
2023-12-04 17:52:46,176 - INFO - Player O wins the game.
2023-12-04 17:52:46,176 - INFO - Game ended.
2023-12-04 17:52:47,373 - INFO - Game started.
2023-12-04 17:52:48,373 - INFO - player X is bot
2023-12-04 17:52:49,317 - INFO - player O is bot
2023-12-04 17:52:49,317 - INFO - Player X placed X at (1, 1).
2023-12-04 17:52:49,317 - INFO - Player O placed O at (2, 2).
2023-12-04 17:52:49,317 - INFO - Player X placed X at (3, 1).
2023-12-04 17:52:49,317 - INFO - Player O placed O at (1, 2).
2023-12-04 17:52:49,317 - INFO - Player X placed X at (2, 1).
2023-12-04 17:52:49,317 - INFO - Player X wins the game.
2023-12-04 17:52:49,317 - INFO - Game ended.
2023-12-04 17:52:51,263 - INFO - Game started.
2023-12-04 17:52:52,554 - INFO - player X is bot
2023-12-04 17:52:53,569 - INFO - player O is bot
2023-12-04 17:52:53,569 - INFO - Player X placed X at (2, 3).
2023-12-04 17:52:53,569 - INFO - Player O placed O at (2, 1).
2023-12-04 17:52:53,569 - INFO - Player X placed X at (3, 3).
2023-12-04 17:52:53,569 - INFO - Player O placed O at (2, 2).
2023-12-04 17:52:53,569 - INFO - Player X placed X at (1, 3).
2023-12-04 17:52:53,569 - INFO - Player X wins the game.
2023-12-04 17:52:53,569 - INFO - Game ended.
2023-12-04 17:52:56,547 - INFO - Game started.
2023-12-04 17:52:58,099 - INFO - player X is bot
2023-12-04 17:52:59,011 - INFO - player O is bot
2023-12-04 17:52:59,013 - INFO - Player X placed X at (1, 3).
2023-12-04 17:52:59,013 - INFO - Player O placed O at (1, 2).
2023-12-04 17:52:59,014 - INFO - Player X placed X at (1, 1).
2023-12-04 17:52:59,014 - INFO - Player O placed O at (2, 3).
2023-12-04 17:52:59,014 - INFO - Player X placed X at (2, 2).
2023-12-04 17:52:59,014 - INFO - Player O placed O at (3, 1).
2023-12-04 17:52:59,016 - INFO - Player X placed X at (2, 1).
2023-12-04 17:52:59,016 - INFO - Player O placed O at (3, 3).
2023-12-04 17:52:59,016 - INFO - Player X placed X at (3, 2).
2023-12-04 17:52:59,017 - INFO - The game ended in a draw.
2023-12-04 17:52:59,018 - INFO - Game ended.
2023-12-04 17:53:00,325 - INFO - Game started.
2023-12-04 17:53:01,676 - INFO - player X is bot
2023-12-04 17:53:02,738 - INFO - player O is bot
2023-12-04 17:53:02,739 - INFO - Player X placed X at (3, 3).
2023-12-04 17:53:02,739 - INFO - Player O placed O at (1, 3).
2023-12-04 17:53:02,739 - INFO - Player X placed X at (3, 1).
2023-12-04 17:53:02,742 - INFO - Player O placed O at (2, 1).
2023-12-04 17:53:02,742 - INFO - Player X placed X at (2, 3).
2023-12-04 17:53:02,743 - INFO - Player O placed O at (1, 2).
2023-12-04 17:53:02,743 - INFO - Player X placed X at (1, 1).
2023-12-04 17:53:02,744 - INFO - Player O placed O at (3, 2).
2023-12-04 17:53:02,744 - INFO - Player X placed X at (2, 2).
2023-12-04 17:53:02,745 - INFO - Player X wins the game.
2023-12-04 17:53:02,746 - INFO - Game ended.
2023-12-04 17:53:09,133 - INFO - Game started.
2023-12-04 17:53:10,458 - INFO - player X is bot
2023-12-04 17:53:11,382 - INFO - player O is bot
2023-12-04 17:53:11,382 - INFO - Player X placed X at (2, 1).
2023-12-04 17:53:11,382 - INFO - Player O placed O at (3, 2).
2023-12-04 17:53:11,389 - INFO - Player X placed X at (2, 3).
2023-12-04 17:53:11,389 - INFO - Player O placed O at (3, 1).
2023-12-04 17:53:11,389 - INFO - Player X placed X at (2, 2).
2023-12-04 17:53:11,389 - INFO - Player X wins the game.
2023-12-04 17:53:11,389 - INFO - Game ended.
2023-12-04 17:53:13,500 - INFO - Game started.
2023-12-04 17:53:14,744 - INFO - player X is bot
2023-12-04 17:53:15,681 - INFO - player O is bot
2023-12-04 17:53:15,681 - INFO - Player X placed X at (1, 2).
2023-12-04 17:53:15,683 - INFO - Player O placed O at (2, 3).
2023-12-04 17:53:15,683 - INFO - Player X placed X at (3, 3).
2023-12-04 17:53:15,683 - INFO - Player O placed O at (1, 1).
2023-12-04 17:53:15,685 - INFO - Player X placed X at (2, 2).
2023-12-04 17:53:15,685 - INFO - Player O placed O at (3, 1).
2023-12-04 17:53:15,686 - INFO - Player X placed X at (3, 2).
2023-12-04 17:53:15,687 - INFO - Player X wins the game.
2023-12-04 17:53:15,688 - INFO - Game ended.
2023-12-04 17:53:17,016 - INFO - Game started.
2023-12-04 17:53:18,223 - INFO - player X is bot
2023-12-04 17:53:19,199 - INFO - player O is bot
2023-12-04 17:53:19,200 - INFO - Player X placed X at (2, 3).
2023-12-04 17:53:19,200 - INFO - Player O placed O at (1, 1).
2023-12-04 17:53:19,202 - INFO - Player X placed X at (1, 2).
2023-12-04 17:53:19,202 - INFO - Player O placed O at (3, 1).
2023-12-04 17:53:19,202 - INFO - Player X placed X at (3, 2).
2023-12-04 17:53:19,202 - INFO - Player O placed O at (1, 3).
2023-12-04 17:53:19,204 - INFO - Player X placed X at (2, 2).
2023-12-04 17:53:19,204 - INFO - Player X wins the game.
2023-12-04 17:53:19,205 - INFO - Game ended.
2023-12-04 17:53:20,298 - INFO - Game started.
2023-12-04 17:53:21,459 - INFO - player X is bot
2023-12-04 17:53:22,427 - INFO - player O is bot
2023-12-04 17:53:22,427 - INFO - Player X placed X at (1, 2).
2023-12-04 17:53:22,427 - INFO - Player O placed O at (1, 3).
2023-12-04 17:53:22,427 - INFO - Player X placed X at (2, 2).
2023-12-04 17:53:22,427 - INFO - Player O placed O at (3, 3).
2023-12-04 17:53:22,427 - INFO - Player X placed X at (1, 1).
2023-12-04 17:53:22,427 - INFO - Player O placed O at (3, 1).
2023-12-04 17:53:22,427 - INFO - Player X placed X at (2, 3).
2023-12-04 17:53:22,427 - INFO - Player O placed O at (3, 2).
2023-12-04 17:53:22,427 - INFO - Player O wins the game.
2023-12-04 17:53:22,437 - INFO - Game ended.
2023-12-04 17:53:23,944 - INFO - Game started.
2023-12-04 17:53:26,393 - INFO - player X is bot
2023-12-04 17:53:27,774 - INFO - player O is bot
2023-12-04 17:53:27,774 - INFO - Player X placed X at (2, 1).
2023-12-04 17:53:27,774 - INFO - Player O placed O at (3, 2).
2023-12-04 17:53:27,774 - INFO - Player X placed X at (3, 1).
2023-12-04 17:53:27,774 - INFO - Player O placed O at (2, 2).
2023-12-04 17:53:27,774 - INFO - Player X placed X at (3, 3).
2023-12-04 17:53:27,774 - INFO - Player O placed O at (2, 3).
2023-12-04 17:53:27,774 - INFO - Player X placed X at (1, 1).
2023-12-04 17:53:27,774 - INFO - Player X wins the game.
2023-12-04 17:53:27,781 - INFO - Game ended.
2023-12-04 17:53:29,972 - INFO - Game started.
2023-12-04 17:53:31,261 - INFO - player X is bot
2023-12-04 17:53:32,396 - INFO - player O is bot
2023-12-04 17:53:32,397 - INFO - Player X placed X at (3, 3).
2023-12-04 17:53:32,397 - INFO - Player O placed O at (2, 1).
2023-12-04 17:53:32,398 - INFO - Player X placed X at (2, 2).
2023-12-04 17:53:32,398 - INFO - Player O placed O at (1, 3).
2023-12-04 17:53:32,399 - INFO - Player X placed X at (2, 3).
2023-12-04 17:53:32,399 - INFO - Player O placed O at (3, 1).
2023-12-04 17:53:32,400 - INFO - Player X placed X at (3, 2).
2023-12-04 17:53:32,401 - INFO - Player O placed O at (1, 2).
2023-12-04 17:53:32,401 - INFO - Player X placed X at (1, 1).
2023-12-04 17:53:32,402 - INFO - Player X wins the game.
2023-12-04 17:53:32,403 - INFO - Game ended.
2023-12-04 17:53:33,782 - INFO - Game started.
2023-12-04 17:53:34,979 - INFO - player X is bot
2023-12-04 17:53:36,186 - INFO - player O is bot
2023-12-04 17:53:36,187 - INFO - Player X placed X at (3, 2).
2023-12-04 17:53:36,187 - INFO - Player O placed O at (1, 2).
2023-12-04 17:53:36,189 - INFO - Player X placed X at (1, 3).
2023-12-04 17:53:36,189 - INFO - Player O placed O at (2, 2).
2023-12-04 17:53:36,189 - INFO - Player X placed X at (3, 3).
2023-12-04 17:53:36,189 - INFO - Player O placed O at (2, 1).
2023-12-04 17:53:36,191 - INFO - Player X placed X at (1, 1).
2023-12-04 17:53:36,191 - INFO - Player O placed O at (2, 3).
2023-12-04 17:53:36,192 - INFO - Player O wins the game.
2023-12-04 17:53:36,193 - INFO - Game ended.
2023-12-04 17:53:37,314 - INFO - Game started.
2023-12-04 17:53:38,361 - INFO - player X is bot
2023-12-04 17:53:39,196 - INFO - player O is bot
2023-12-04 17:53:39,198 - INFO - Player X placed X at (1, 3).
2023-12-04 17:53:39,198 - INFO - Player O placed O at (2, 2).
2023-12-04 17:53:39,198 - INFO - Player X placed X at (3, 2).
2023-12-04 17:53:39,200 - INFO - Player O placed O at (3, 1).
2023-12-04 17:53:39,200 - INFO - Player X placed X at (1, 1).
2023-12-04 17:53:39,200 - INFO - Player O placed O at (1, 2).
2023-12-04 17:53:39,200 - INFO - Player X placed X at (2, 3).
2023-12-04 17:53:39,202 - INFO - Player O placed O at (2, 1).
2023-12-04 17:53:39,203 - INFO - Player X placed X at (3, 3).
2023-12-04 17:53:39,204 - INFO - Player X wins the game.
2023-12-04 17:53:39,205 - INFO - Game ended.
2023-12-04 17:53:40,185 - INFO - Game started.
2023-12-04 17:53:41,222 - INFO - player X is bot
2023-12-04 17:53:44,264 - INFO - player O is bot
2023-12-04 17:53:44,268 - INFO - Player X placed X at (3, 1).
2023-12-04 17:53:44,268 - INFO - Player O placed O at (3, 2).
2023-12-04 17:53:44,268 - INFO - Player X placed X at (2, 1).
2023-12-04 17:53:44,270 - INFO - Player O placed O at (1, 2).
2023-12-04 17:53:44,270 - INFO - Player X placed X at (2, 2).
2023-12-04 17:53:44,270 - INFO - Player O placed O at (1, 3).
2023-12-04 17:53:44,272 - INFO - Player X placed X at (1, 1).
2023-12-04 17:53:44,273 - INFO - Player X wins the game.
2023-12-04 17:53:44,274 - INFO - Game ended.
2023-12-04 17:53:45,393 - INFO - Game started.
2023-12-04 17:53:46,746 - INFO - player X is bot
2023-12-04 17:53:47,973 - INFO - player O is bot
2023-12-04 17:53:47,974 - INFO - Player X placed X at (2, 1).
2023-12-04 17:53:47,974 - INFO - Player O placed O at (3, 3).
2023-12-04 17:53:47,975 - INFO - Player X placed X at (1, 2).
2023-12-04 17:53:47,975 - INFO - Player O placed O at (1, 1).
2023-12-04 17:53:47,976 - INFO - Player X placed X at (1, 3).
2023-12-04 17:53:47,976 - INFO - Player O placed O at (3, 2).
2023-12-04 17:53:47,977 - INFO - Player X placed X at (2, 2).
2023-12-04 17:53:47,977 - INFO - Player O placed O at (2, 3).
2023-12-04 17:53:47,978 - INFO - Player X placed X at (3, 1).
2023-12-04 17:53:47,979 - INFO - Player X wins the game.
2023-12-04 17:53:47,979 - INFO - Game ended.
2023-12-04 17:53:50,178 - INFO - Game started.
2023-12-04 17:53:51,603 - INFO - player X is bot
2023-12-04 17:53:53,319 - INFO - player O is bot
2023-12-04 17:53:53,319 - INFO - Player X placed X at (1, 1).
2023-12-04 17:53:53,319 - INFO - Player O placed O at (2, 3).
2023-12-04 17:53:53,319 - INFO - Player X placed X at (3, 1).
2023-12-04 17:53:53,322 - INFO - Player O placed O at (1, 3).
2023-12-04 17:53:53,322 - INFO - Player X placed X at (3, 3).
2023-12-04 17:53:53,323 - INFO - Player O placed O at (2, 1).
2023-12-04 17:53:53,323 - INFO - Player X placed X at (1, 2).
2023-12-04 17:53:53,324 - INFO - Player O placed O at (3, 2).
2023-12-04 17:53:53,324 - INFO - Player X placed X at (2, 2).
2023-12-04 17:53:53,325 - INFO - Player X wins the game.
2023-12-04 17:53:53,326 - INFO - Game ended.
2023-12-04 17:53:55,896 - INFO - Game started.
2023-12-04 17:53:56,903 - INFO - player X is bot
2023-12-04 17:53:57,814 - INFO - player O is bot
2023-12-04 17:53:57,815 - INFO - Player X placed X at (1, 2).
2023-12-04 17:53:57,815 - INFO - Player O placed O at (1, 1).
2023-12-04 17:53:57,815 - INFO - Player X placed X at (3, 2).
2023-12-04 17:53:57,815 - INFO - Player O placed O at (2, 1).
2023-12-04 17:53:57,815 - INFO - Player X placed X at (3, 3).
2023-12-04 17:53:57,818 - INFO - Player O placed O at (3, 1).
2023-12-04 17:53:57,818 - INFO - Player O wins the game.
2023-12-04 17:53:57,819 - INFO - Game ended.
2023-12-04 17:53:59,113 - INFO - Game started.
2023-12-04 17:54:00,380 - INFO - player X is bot
2023-12-04 17:54:01,374 - INFO - player O is bot
2023-12-04 17:54:01,374 - INFO - Player X placed X at (3, 3).
2023-12-04 17:54:01,374 - INFO - Player O placed O at (2, 1).
2023-12-04 17:54:01,374 - INFO - Player X placed X at (1, 1).
2023-12-04 17:54:01,378 - INFO - Player O placed O at (2, 3).
2023-12-04 17:54:01,378 - INFO - Player X placed X at (3, 2).
2023-12-04 17:54:01,379 - INFO - Player O placed O at (1, 3).
2023-12-04 17:54:01,379 - INFO - Player X placed X at (2, 2).
2023-12-04 17:54:01,380 - INFO - Player X wins the game.
2023-12-04 17:54:01,382 - INFO - Game ended.
2023-12-04 17:54:02,436 - INFO - Game started.
2023-12-04 17:54:03,655 - INFO - player X is bot
2023-12-04 17:54:04,595 - INFO - player O is bot
2023-12-04 17:54:04,595 - INFO - Player X placed X at (2, 2).
2023-12-04 17:54:04,595 - INFO - Player O placed O at (2, 1).
2023-12-04 17:54:04,595 - INFO - Player X placed X at (1, 1).
2023-12-04 17:54:04,595 - INFO - Player O placed O at (1, 2).
2023-12-04 17:54:04,595 - INFO - Player X placed X at (3, 1).
2023-12-04 17:54:04,607 - INFO - Player O placed O at (1, 3).
2023-12-04 17:54:04,607 - INFO - Player X placed X at (3, 3).
2023-12-04 17:54:04,609 - INFO - Player X wins the game.
2023-12-04 17:54:04,610 - INFO - Game ended.
2023-12-04 17:54:05,858 - INFO - Game started.
2023-12-04 17:54:07,027 - INFO - player X is bot
2023-12-04 17:54:08,274 - INFO - player O is bot
2023-12-04 17:54:08,274 - INFO - Player X placed X at (1, 2).
2023-12-04 17:54:08,274 - INFO - Player O placed O at (3, 2).
2023-12-04 17:54:08,276 - INFO - Player X placed X at (1, 3).
2023-12-04 17:54:08,276 - INFO - Player O placed O at (1, 1).
2023-12-04 17:54:08,278 - INFO - Player X placed X at (2, 2).
2023-12-04 17:54:08,278 - INFO - Player O placed O at (2, 1).
2023-12-04 17:54:08,279 - INFO - Player X placed X at (3, 3).
2023-12-04 17:54:08,279 - INFO - Player O placed O at (3, 1).
2023-12-04 17:54:08,280 - INFO - Player O wins the game.
2023-12-04 17:54:08,281 - INFO - Game ended.
2023-12-04 17:54:09,447 - INFO - Game started.
2023-12-04 17:54:10,534 - INFO - player X is bot
2023-12-04 17:54:11,420 - INFO - player O is bot
2023-12-04 17:54:11,420 - INFO - Player X placed X at (3, 2).
2023-12-04 17:54:11,420 - INFO - Player O placed O at (3, 1).
2023-12-04 17:54:11,420 - INFO - Player X placed X at (2, 2).
2023-12-04 17:54:11,420 - INFO - Player O placed O at (3, 3).
2023-12-04 17:54:11,420 - INFO - Player X placed X at (1, 1).
2023-12-04 17:54:11,420 - INFO - Player O placed O at (1, 2).
2023-12-04 17:54:11,420 - INFO - Player X placed X at (1, 3).
2023-12-04 17:54:11,420 - INFO - Player O placed O at (2, 1).
2023-12-04 17:54:11,420 - INFO - Player X placed X at (2, 3).
2023-12-04 17:54:11,435 - INFO - The game ended in a draw.
2023-12-04 17:54:11,436 - INFO - Game ended.
2023-12-04 17:54:12,468 - INFO - Game started.
2023-12-04 17:54:13,475 - INFO - player X is bot
2023-12-04 17:54:14,358 - INFO - player O is bot
2023-12-04 17:54:14,359 - INFO - Player X placed X at (2, 3).
2023-12-04 17:54:14,360 - INFO - Player O placed O at (1, 2).
2023-12-04 17:54:14,360 - INFO - Player X placed X at (1, 3).
2023-12-04 17:54:14,360 - INFO - Player O placed O at (3, 2).
2023-12-04 17:54:14,360 - INFO - Player X placed X at (2, 2).
2023-12-04 17:54:14,360 - INFO - Player O placed O at (3, 1).
2023-12-04 17:54:14,360 - INFO - Player X placed X at (3, 3).
2023-12-04 17:54:14,360 - INFO - Player X wins the game.
2023-12-04 17:54:14,360 - INFO - Game ended.
2023-12-04 17:54:15,260 - INFO - Game started.
2023-12-04 17:54:16,440 - INFO - player X is bot
2023-12-04 17:54:17,394 - INFO - player O is bot
2023-12-04 17:54:17,405 - INFO - Player X placed X at (3, 3).
2023-12-04 17:54:17,405 - INFO - Player O placed O at (1, 3).
2023-12-04 17:54:17,405 - INFO - Player X placed X at (3, 1).
2023-12-04 17:54:17,405 - INFO - Player O placed O at (1, 2).
2023-12-04 17:54:17,405 - INFO - Player X placed X at (2, 3).
2023-12-04 17:54:17,405 - INFO - Player O placed O at (2, 2).
2023-12-04 17:54:17,405 - INFO - Player X placed X at (3, 2).
2023-12-04 17:54:17,409 - INFO - Player X wins the game.
2023-12-04 17:54:17,410 - INFO - Game ended.
2023-12-04 17:54:18,702 - INFO - Game started.
2023-12-04 17:54:19,726 - INFO - player X is bot
2023-12-04 17:54:20,709 - INFO - player O is bot
2023-12-04 17:54:20,709 - INFO - Player X placed X at (3, 1).
2023-12-04 17:54:20,713 - INFO - Player O placed O at (3, 2).
2023-12-04 17:54:20,713 - INFO - Player X placed X at (2, 3).
2023-12-04 17:54:20,714 - INFO - Player O placed O at (2, 1).
2023-12-04 17:54:20,714 - INFO - Player X placed X at (1, 1).
2023-12-04 17:54:20,715 - INFO - Player O placed O at (2, 2).
2023-12-04 17:54:20,715 - INFO - Player X placed X at (3, 3).
2023-12-04 17:54:20,716 - INFO - Player O placed O at (1, 3).
2023-12-04 17:54:20,716 - INFO - Player X placed X at (1, 2).
2023-12-04 17:54:20,717 - INFO - The game ended in a draw.
2023-12-04 17:54:20,718 - INFO - Game ended.
2023-12-04 17:54:22,304 - INFO - Game started.
2023-12-04 17:54:23,372 - INFO - player X is bot
2023-12-04 17:54:25,030 - INFO - player O is bot
2023-12-04 17:54:25,030 - INFO - Player X placed X at (3, 1).
2023-12-04 17:54:25,030 - INFO - Player O placed O at (1, 3).
2023-12-04 17:54:25,030 - INFO - Player X placed X at (3, 3).
2023-12-04 17:54:25,030 - INFO - Player O placed O at (1, 1).
2023-12-04 17:54:25,030 - INFO - Player X placed X at (3, 2).
2023-12-04 17:54:25,030 - INFO - Player X wins the game.
2023-12-04 17:54:25,030 - INFO - Game ended.
2023-12-04 17:54:28,421 - INFO - Game started.
2023-12-04 17:54:29,421 - INFO - player X is bot
2023-12-04 17:54:30,252 - INFO - player O is bot
2023-12-04 17:54:30,252 - INFO - Player X placed X at (3, 1).
2023-12-04 17:54:30,252 - INFO - Player O placed O at (1, 1).
2023-12-04 17:54:30,254 - INFO - Player X placed X at (3, 2).
2023-12-04 17:54:30,254 - INFO - Player O placed O at (2, 1).
2023-12-04 17:54:30,256 - INFO - Player X placed X at (3, 3).
2023-12-04 17:54:30,256 - INFO - Player X wins the game.
2023-12-04 17:54:30,257 - INFO - Game ended.
2023-12-04 17:54:31,270 - INFO - Game started.
2023-12-04 17:54:32,253 - INFO - player X is bot
2023-12-04 17:54:33,115 - INFO - player O is bot
2023-12-04 17:54:33,115 - INFO - Player X placed X at (1, 2).
2023-12-04 17:54:33,115 - INFO - Player O placed O at (1, 3).
2023-12-04 17:54:33,117 - INFO - Player X placed X at (3, 2).
2023-12-04 17:54:33,117 - INFO - Player O placed O at (2, 2).
2023-12-04 17:54:33,118 - INFO - Player X placed X at (2, 1).
2023-12-04 17:54:33,118 - INFO - Player O placed O at (3, 1).
2023-12-04 17:54:33,119 - INFO - Player O wins the game.
2023-12-04 17:54:33,120 - INFO - Game ended.
2023-12-04 17:54:34,106 - INFO - Game started.
2023-12-04 17:54:35,151 - INFO - player X is bot
2023-12-04 17:54:36,040 - INFO - player O is bot
2023-12-04 17:54:36,040 - INFO - Player X placed X at (3, 1).
2023-12-04 17:54:36,041 - INFO - Player O placed O at (2, 1).
2023-12-04 17:54:36,042 - INFO - Player X placed X at (1, 1).
2023-12-04 17:54:36,042 - INFO - Player O placed O at (2, 3).
2023-12-04 17:54:36,043 - INFO - Player X placed X at (3, 3).
2023-12-04 17:54:36,043 - INFO - Player O placed O at (1, 3).
2023-12-04 17:54:36,043 - INFO - Player X placed X at (3, 2).
2023-12-04 17:54:36,043 - INFO - Player X wins the game.
2023-12-04 17:54:36,045 - INFO - Game ended.
2023-12-04 17:54:37,687 - INFO - Game started.
2023-12-04 17:54:38,574 - INFO - player X is bot
2023-12-04 17:54:39,545 - INFO - player O is bot
2023-12-04 17:54:39,545 - INFO - Player X placed X at (3, 3).
2023-12-04 17:54:39,545 - INFO - Player O placed O at (2, 1).
2023-12-04 17:54:39,545 - INFO - Player X placed X at (1, 1).
2023-12-04 17:54:39,545 - INFO - Player O placed O at (1, 3).
2023-12-04 17:54:39,545 - INFO - Player X placed X at (3, 2).
2023-12-04 17:54:39,545 - INFO - Player O placed O at (2, 3).
2023-12-04 17:54:39,545 - INFO - Player X placed X at (2, 2).
2023-12-04 17:54:39,545 - INFO - Player X wins the game.
2023-12-04 17:54:39,560 - INFO - Game ended.
2023-12-04 17:54:40,608 - INFO - Game started.
2023-12-04 17:54:41,684 - INFO - player X is bot
2023-12-04 17:54:42,657 - INFO - player O is bot
2023-12-04 17:54:42,657 - INFO - Player X placed X at (3, 2).
2023-12-04 17:54:42,657 - INFO - Player O placed O at (1, 2).
2023-12-04 17:54:42,657 - INFO - Player X placed X at (3, 1).
2023-12-04 17:54:42,657 - INFO - Player O placed O at (2, 1).
2023-12-04 17:54:42,657 - INFO - Player X placed X at (1, 3).
2023-12-04 17:54:42,657 - INFO - Player O placed O at (3, 3).
2023-12-04 17:54:42,657 - INFO - Player X placed X at (2, 2).
2023-12-04 17:54:42,657 - INFO - Player X wins the game.
2023-12-04 17:54:42,664 - INFO - Game ended.
2023-12-04 17:54:43,531 - INFO - Game started.
2023-12-04 17:54:44,806 - INFO - player X is bot
2023-12-04 17:54:45,848 - INFO - player O is bot
2023-12-04 17:54:45,848 - INFO - Player X placed X at (2, 1).
2023-12-04 17:54:45,848 - INFO - Player O placed O at (1, 2).
2023-12-04 17:54:45,848 - INFO - Player X placed X at (2, 2).
2023-12-04 17:54:45,850 - INFO - Player O placed O at (1, 1).
2023-12-04 17:54:45,850 - INFO - Player X placed X at (3, 3).
2023-12-04 17:54:45,850 - INFO - Player O placed O at (1, 3).
2023-12-04 17:54:45,850 - INFO - Player O wins the game.
2023-12-04 17:54:45,853 - INFO - Game ended.
2023-12-04 17:54:46,819 - INFO - Game started.
2023-12-04 17:54:48,022 - INFO - player X is bot
2023-12-04 17:54:49,007 - INFO - player O is bot
2023-12-04 17:54:49,007 - INFO - Player X placed X at (2, 2).
2023-12-04 17:54:49,008 - INFO - Player O placed O at (1, 1).
2023-12-04 17:54:49,008 - INFO - Player X placed X at (3, 1).
2023-12-04 17:54:49,009 - INFO - Player O placed O at (3, 3).
2023-12-04 17:54:49,009 - INFO - Player X placed X at (2, 3).
2023-12-04 17:54:49,011 - INFO - Player O placed O at (3, 2).
2023-12-04 17:54:49,012 - INFO - Player X placed X at (1, 2).
2023-12-04 17:54:49,012 - INFO - Player O placed O at (2, 1).
2023-12-04 17:54:49,013 - INFO - Player X placed X at (1, 3).
2023-12-04 17:54:49,013 - INFO - Player X wins the game.
2023-12-04 17:54:49,014 - INFO - Game ended.
2023-12-04 17:54:50,097 - INFO - Game started.
2023-12-04 17:54:51,215 - INFO - player X is bot
2023-12-04 17:54:53,615 - INFO - player O is bot
2023-12-04 17:54:53,618 - INFO - Player X placed X at (1, 1).
2023-12-04 17:54:53,618 - INFO - Player O placed O at (2, 1).
2023-12-04 17:54:53,619 - INFO - Player X placed X at (2, 3).
2023-12-04 17:54:53,619 - INFO - Player O placed O at (3, 1).
2023-12-04 17:54:53,620 - INFO - Player X placed X at (3, 2).
2023-12-04 17:54:53,620 - INFO - Player O placed O at (1, 2).
2023-12-04 17:54:53,620 - INFO - Player X placed X at (3, 3).
2023-12-04 17:54:53,622 - INFO - Player O placed O at (2, 2).
2023-12-04 17:54:53,623 - INFO - Player X placed X at (1, 3).
2023-12-04 17:54:53,623 - INFO - Player X wins the game.
2023-12-04 17:54:53,625 - INFO - Game ended.
2023-12-04 17:54:54,786 - INFO - Game started.
2023-12-04 17:54:55,970 - INFO - player X is bot
2023-12-04 17:54:57,736 - INFO - player O is bot
2023-12-04 17:54:57,736 - INFO - Player X placed X at (2, 1).
2023-12-04 17:54:57,738 - INFO - Player O placed O at (2, 2).
2023-12-04 17:54:57,739 - INFO - Player X placed X at (1, 3).
2023-12-04 17:54:57,739 - INFO - Player O placed O at (2, 3).
2023-12-04 17:54:57,739 - INFO - Player X placed X at (1, 2).
2023-12-04 17:54:57,740 - INFO - Player O placed O at (3, 2).
2023-12-04 17:54:57,740 - INFO - Player X placed X at (1, 1).
2023-12-04 17:54:57,741 - INFO - Player X wins the game.
2023-12-04 17:54:57,743 - INFO - Game ended.
2023-12-04 17:54:58,861 - INFO - Game started.
2023-12-04 17:55:00,076 - INFO - player X is bot
2023-12-04 17:55:01,065 - INFO - player O is bot
2023-12-04 17:55:01,065 - INFO - Player X placed X at (2, 1).
2023-12-04 17:55:01,065 - INFO - Player O placed O at (1, 2).
2023-12-04 17:55:01,065 - INFO - Player X placed X at (2, 3).
2023-12-04 17:55:01,065 - INFO - Player O placed O at (3, 2).
2023-12-04 17:55:01,065 - INFO - Player X placed X at (3, 3).
2023-12-04 17:55:01,065 - INFO - Player O placed O at (1, 1).
2023-12-04 17:55:01,065 - INFO - Player X placed X at (2, 2).
2023-12-04 17:55:01,065 - INFO - Player X wins the game.
2023-12-04 17:55:01,071 - INFO - Game ended.
2023-12-04 17:55:01,992 - INFO - Game started.
2023-12-04 17:55:03,104 - INFO - player X is bot
2023-12-04 17:55:03,952 - INFO - player O is bot
2023-12-04 17:55:03,954 - INFO - Player X placed X at (3, 3).
2023-12-04 17:55:03,954 - INFO - Player O placed O at (3, 1).
2023-12-04 17:55:03,954 - INFO - Player X placed X at (1, 3).
2023-12-04 17:55:03,954 - INFO - Player O placed O at (2, 3).
2023-12-04 17:55:03,954 - INFO - Player X placed X at (1, 1).
2023-12-04 17:55:03,954 - INFO - Player O placed O at (1, 2).
2023-12-04 17:55:03,954 - INFO - Player X placed X at (2, 1).
2023-12-04 17:55:03,954 - INFO - Player O placed O at (2, 2).
2023-12-04 17:55:03,959 - INFO - Player X placed X at (3, 2).
2023-12-04 17:55:03,959 - INFO - The game ended in a draw.
2023-12-04 17:55:03,960 - INFO - Game ended.
2023-12-04 17:55:05,023 - INFO - Game started.
2023-12-04 17:55:06,064 - INFO - player X is bot
2023-12-04 17:55:07,060 - INFO - player O is bot
2023-12-04 17:55:07,060 - INFO - Player X placed X at (3, 3).
2023-12-04 17:55:07,060 - INFO - Player O placed O at (3, 2).
2023-12-04 17:55:07,060 - INFO - Player X placed X at (2, 1).
2023-12-04 17:55:07,064 - INFO - Player O placed O at (1, 2).
2023-12-04 17:55:07,064 - INFO - Player X placed X at (1, 3).
2023-12-04 17:55:07,065 - INFO - Player O placed O at (2, 2).
2023-12-04 17:55:07,065 - INFO - Player O wins the game.
2023-12-04 17:55:07,066 - INFO - Game ended.
2023-12-04 17:55:08,899 - INFO - Game started.
2023-12-04 17:55:10,092 - INFO - player X is bot
2023-12-04 17:55:11,090 - INFO - player O is bot
2023-12-04 17:55:11,095 - INFO - Player X placed X at (2, 1).
2023-12-04 17:55:11,095 - INFO - Player O placed O at (3, 3).
2023-12-04 17:55:11,095 - INFO - Player X placed X at (3, 2).
2023-12-04 17:55:11,095 - INFO - Player O placed O at (3, 1).
2023-12-04 17:55:11,095 - INFO - Player X placed X at (2, 3).
2023-12-04 17:55:11,095 - INFO - Player O placed O at (1, 1).
2023-12-04 17:55:11,095 - INFO - Player X placed X at (1, 2).
2023-12-04 17:55:11,095 - INFO - Player O placed O at (1, 3).
2023-12-04 17:55:11,099 - INFO - Player X placed X at (2, 2).
2023-12-04 17:55:11,099 - INFO - Player X wins the game.
2023-12-04 17:55:11,101 - INFO - Game ended.
2023-12-04 17:55:13,974 - INFO - Game started.
2023-12-04 17:55:15,119 - INFO - player X is bot
2023-12-04 17:55:18,257 - INFO - player O is bot
2023-12-04 17:55:18,257 - INFO - Player X placed X at (1, 2).
2023-12-04 17:55:18,257 - INFO - Player O placed O at (2, 3).
2023-12-04 17:55:18,257 - INFO - Player X placed X at (3, 1).
2023-12-04 17:55:18,257 - INFO - Player O placed O at (3, 2).
2023-12-04 17:55:18,264 - INFO - Player X placed X at (2, 1).
2023-12-04 17:55:18,265 - INFO - Player O placed O at (2, 2).
2023-12-04 17:55:18,265 - INFO - Player X placed X at (3, 3).
2023-12-04 17:55:18,266 - INFO - Player O placed O at (1, 1).
2023-12-04 17:55:18,267 - INFO - Player X placed X at (1, 3).
2023-12-04 17:55:18,267 - INFO - The game ended in a draw.
2023-12-04 17:55:18,269 - INFO - Game ended.
2023-12-04 17:55:45,826 - INFO - Game started.
2023-12-04 17:55:47,976 - INFO - player X is bot
2023-12-04 17:55:49,075 - INFO - player O is bot
2023-12-04 17:55:49,077 - INFO - Player X placed X at (3, 2).
2023-12-04 17:55:49,077 - INFO - Player O placed O at (1, 1).
2023-12-04 17:55:49,077 - INFO - Player X placed X at (3, 1).
2023-12-04 17:55:49,077 - INFO - Player O placed O at (1, 3).
2023-12-04 17:55:49,077 - INFO - Player X placed X at (2, 2).
2023-12-04 17:55:49,077 - INFO - Player O placed O at (3, 3).
2023-12-04 17:55:49,080 - INFO - Player X placed X at (1, 2).
2023-12-04 17:55:49,080 - INFO - Player X wins the game.
2023-12-04 17:55:49,082 - INFO - Game ended.
2023-12-04 17:55:51,523 - INFO - Game started.
2023-12-04 17:55:52,658 - INFO - player X is bot
2023-12-04 17:55:53,586 - INFO - player O is bot
2023-12-04 17:55:53,588 - INFO - Player X placed X at (3, 1).
2023-12-04 17:55:53,588 - INFO - Player O placed O at (2, 3).
2023-12-04 17:55:53,588 - INFO - Player X placed X at (2, 1).
2023-12-04 17:55:53,588 - INFO - Player O placed O at (1, 3).
2023-12-04 17:55:53,590 - INFO - Player X placed X at (2, 2).
2023-12-04 17:55:53,590 - INFO - Player O placed O at (1, 2).
2023-12-04 17:55:53,590 - INFO - Player X placed X at (3, 2).
2023-12-04 17:55:53,590 - INFO - Player O placed O at (3, 3).
2023-12-04 17:55:53,592 - INFO - Player O wins the game.
2023-12-04 17:55:53,594 - INFO - Game ended.
2023-12-04 17:55:54,528 - INFO - Game started.
2023-12-04 17:55:55,698 - INFO - player X is bot
2023-12-04 17:55:56,696 - INFO - player O is bot
2023-12-04 17:55:56,699 - INFO - Player X placed X at (3, 1).
2023-12-04 17:55:56,699 - INFO - Player O placed O at (2, 3).
2023-12-04 17:55:56,699 - INFO - Player X placed X at (2, 1).
2023-12-04 17:55:56,699 - INFO - Player O placed O at (3, 2).
2023-12-04 17:55:56,701 - INFO - Player X placed X at (3, 3).
2023-12-04 17:55:56,701 - INFO - Player O placed O at (2, 2).
2023-12-04 17:55:56,702 - INFO - Player X placed X at (1, 2).
2023-12-04 17:55:56,703 - INFO - Player O placed O at (1, 1).
2023-12-04 17:55:56,703 - INFO - Player X placed X at (1, 3).
2023-12-04 17:55:56,704 - INFO - The game ended in a draw.
2023-12-04 17:55:56,706 - INFO - Game ended.
2023-12-04 17:55:57,711 - INFO - Game started.
2023-12-04 17:55:58,918 - INFO - player X is bot
2023-12-04 17:55:59,844 - INFO - player O is bot
2023-12-04 17:55:59,860 - INFO - Player X placed X at (1, 3).
2023-12-04 17:55:59,860 - INFO - Player O placed O at (2, 2).
2023-12-04 17:55:59,861 - INFO - Player X placed X at (3, 2).
2023-12-04 17:55:59,861 - INFO - Player O placed O at (2, 3).
2023-12-04 17:55:59,861 - INFO - Player X placed X at (1, 2).
2023-12-04 17:55:59,861 - INFO - Player O placed O at (1, 1).
2023-12-04 17:55:59,861 - INFO - Player X placed X at (3, 3).
2023-12-04 17:55:59,861 - INFO - Player O placed O at (3, 1).
2023-12-04 17:55:59,864 - INFO - Player X placed X at (2, 1).
2023-12-04 17:55:59,865 - INFO - The game ended in a draw.
2023-12-04 17:55:59,866 - INFO - Game ended.
2023-12-04 17:56:01,080 - INFO - Game started.
2023-12-04 17:56:02,373 - INFO - player X is bot
2023-12-04 17:56:03,306 - INFO - player O is bot
2023-12-04 17:56:03,306 - INFO - Player X placed X at (2, 1).
2023-12-04 17:56:03,306 - INFO - Player O placed O at (3, 3).
2023-12-04 17:56:03,306 - INFO - Player X placed X at (1, 1).
2023-12-04 17:56:03,306 - INFO - Player O placed O at (2, 3).
2023-12-04 17:56:03,306 - INFO - Player X placed X at (3, 1).
2023-12-04 17:56:03,319 - INFO - Player X wins the game.
2023-12-04 17:56:03,319 - INFO - Game ended.
2023-12-04 17:56:04,285 - INFO - Game started.
2023-12-04 17:56:05,342 - INFO - player X is bot
2023-12-04 17:56:06,350 - INFO - player O is bot
2023-12-04 17:56:06,352 - INFO - Player X placed X at (3, 3).
2023-12-04 17:56:06,352 - INFO - Player O placed O at (3, 2).
2023-12-04 17:56:06,352 - INFO - Player X placed X at (1, 1).
2023-12-04 17:56:06,352 - INFO - Player O placed O at (2, 3).
2023-12-04 17:56:06,355 - INFO - Player X placed X at (2, 2).
2023-12-04 17:56:06,355 - INFO - Player X wins the game.
2023-12-04 17:56:06,356 - INFO - Game ended.
2023-12-04 17:56:07,424 - INFO - Game started.
2023-12-04 17:56:08,468 - INFO - player X is bot
2023-12-04 17:56:09,396 - INFO - player O is bot
2023-12-04 17:56:09,396 - INFO - Player X placed X at (1, 1).
2023-12-04 17:56:09,396 - INFO - Player O placed O at (2, 2).
2023-12-04 17:56:09,396 - INFO - Player X placed X at (1, 2).
2023-12-04 17:56:09,396 - INFO - Player O placed O at (2, 3).
2023-12-04 17:56:09,399 - INFO - Player X placed X at (2, 1).
2023-12-04 17:56:09,400 - INFO - Player O placed O at (3, 1).
2023-12-04 17:56:09,400 - INFO - Player X placed X at (1, 3).
2023-12-04 17:56:09,401 - INFO - Player X wins the game.
2023-12-04 17:56:09,402 - INFO - Game ended.
2023-12-04 17:56:10,376 - INFO - Game started.
2023-12-04 17:56:11,418 - INFO - player X is bot
2023-12-04 17:56:12,257 - INFO - player O is bot
2023-12-04 17:56:12,257 - INFO - Player X placed X at (2, 1).
2023-12-04 17:56:12,260 - INFO - Player O placed O at (3, 2).
2023-12-04 17:56:12,260 - INFO - Player X placed X at (3, 3).
2023-12-04 17:56:12,261 - INFO - Player O placed O at (2, 2).
2023-12-04 17:56:12,261 - INFO - Player X placed X at (3, 1).
2023-12-04 17:56:12,262 - INFO - Player O placed O at (1, 3).
2023-12-04 17:56:12,262 - INFO - Player X placed X at (1, 1).
2023-12-04 17:56:12,263 - INFO - Player X wins the game.
2023-12-04 17:56:12,264 - INFO - Game ended.
2023-12-04 17:56:13,203 - INFO - Game started.
2023-12-04 17:56:14,311 - INFO - player X is bot
2023-12-04 17:56:15,274 - INFO - player O is bot
2023-12-04 17:56:15,276 - INFO - Player X placed X at (3, 2).
2023-12-04 17:56:15,276 - INFO - Player O placed O at (1, 1).
2023-12-04 17:56:15,277 - INFO - Player X placed X at (1, 3).
2023-12-04 17:56:15,277 - INFO - Player O placed O at (3, 3).
2023-12-04 17:56:15,277 - INFO - Player X placed X at (2, 2).
2023-12-04 17:56:15,277 - INFO - Player O placed O at (2, 3).
2023-12-04 17:56:15,277 - INFO - Player X placed X at (1, 2).
2023-12-04 17:56:15,280 - INFO - Player X wins the game.
2023-12-04 17:56:15,281 - INFO - Game ended.
2023-12-04 17:56:16,471 - INFO - Game started.
2023-12-04 17:56:17,964 - INFO - player X is bot
2023-12-04 17:56:19,263 - INFO - player O is bot
2023-12-04 17:56:19,263 - INFO - Player X placed X at (3, 2).
2023-12-04 17:56:19,265 - INFO - Player O placed O at (2, 3).
2023-12-04 17:56:19,265 - INFO - Player X placed X at (3, 1).
2023-12-04 17:56:19,266 - INFO - Player O placed O at (2, 2).
2023-12-04 17:56:19,266 - INFO - Player X placed X at (3, 3).
2023-12-04 17:56:19,267 - INFO - Player X wins the game.
2023-12-04 17:56:19,267 - INFO - Game ended.
